<?xml version="1.0" encoding="UTF-8"?>
<testsuites name="FieldVisibilityDDT" time="38.313" tests="3" failures="1" errors="0">
   <testsuite name="FieldVisibilityDDT" tests="3" failures="1" errors="0" time="38.313" skipped="0" timestamp="2022-07-05 16:26:27" hostname="dfisher - VSL-MSL-25.Vigo.local" id="Test Suites/CustomerConfig/FieldVisibilityDDT">
      <properties>
         <property name="deviceName" value=""/>
         <property name="devicePlatform" value=""/>
         <property name="logFolder" value="C:\\dev\\Katalon\\KatalonRepo\\Reports\\20220705_162619\\CustomerConfig\\FieldVisibilityDDT\\20220705_162619"/>
         <property name="logFiles" value="C:\\dev\\Katalon\\KatalonRepo\\Reports\\20220705_162619\\CustomerConfig\\FieldVisibilityDDT\\20220705_162619\\execution0.log"/>
         <property name="attachments" value="C:\\dev\\Katalon\\KatalonRepo\\Reports\\20220705_162619\\CustomerConfig\\FieldVisibilityDDT\\20220705_162619\\1657034825341.png, C:\\dev\\Katalon\\KatalonRepo\\Reports\\20220705_162619\\CustomerConfig\\FieldVisibilityDDT\\20220705_162619\\1657034825513.png"/>
         <property name="hostName" value="dfisher - VSL-MSL-25.Vigo.local"/>
         <property name="os" value="Windows 10 64bit"/>
         <property name="katalonVersion" value="8.3.5.208"/>
         <property name="browser" value="Chrome 103.0.5060.66"/>
         <property name="hostAddress" value="192.168.86.34"/>
         <property name="sessionId" value="43b04772a92f885ded2f5da89c7c5b39"/>
         <property name="seleniumVersion" value="3.141.59"/>
         <property name="proxyInformation" value="ProxyInformation { proxyOption=NO_PROXY, proxyServerType=HTTP, username=, password=********, proxyServerAddress=, proxyServerPort=0, executionList=&quot;&quot;, isApplyToDesiredCapabilities=true }"/>
         <property name="platform" value="Windows 10"/>
      </properties>
      <testcase name="Test Cases/CustomerConfig/FieldVisibility" time="15.077" classname="Test Cases/CustomerConfig/FieldVisibility" status="PASSED">
         <system-out><![CDATA[2022-07-05 16:26:27 - [TEST_CASE][PASSED] - Test Cases/CustomerConfig/FieldVisibility: Test Cases/CustomerConfig/FieldVisibility

2022-07-05 16:26:28 - [TEST_STEP][PASSED] - url = MyClass.getGlobalVariableByName(dynamicUrl, url): MyClass.getGlobalVariableByName is PASSED

2022-07-05 16:26:28 - [MESSAGE][INFO] - name: http://portal.ptk021.local

2022-07-05 16:26:28 - [MESSAGE][PASSED] - MyClass.getGlobalVariableByName is PASSED

2022-07-05 16:26:28 - [TEST_STEP][PASSED] - callTestCase(findTestCase("Login/1.LoginUsingVariables"), ["url":url, "username":username, "password":password], STOP_ON_FAILURE): Call Test Case 'Test Cases/Login/1.LoginUsingVariables' successfully

2022-07-05 16:26:29 - [TEST_CASE][PASSED] - Test Cases/Login/1.LoginUsingVariables: Test Cases/Login/1.LoginUsingVariables

2022-07-05 16:26:29 - [TEST_STEP][PASSED] - openBrowser(""): Browser is opened with url: ''

2022-07-05 16:26:29 - [MESSAGE][INFO] - Starting 'Chrome' driver

2022-07-05 16:26:29 - [MESSAGE][INFO] - Action delay is set to 0 milliseconds

2022-07-05 16:26:32 - [MESSAGE][PASSED] - Browser is opened with url: ''

2022-07-05 16:26:32 - [TEST_STEP][PASSED] - setViewPortSize(1920, 1080): Viewport is set to new size with width = 1920 and height = 1080

2022-07-05 16:26:32 - [MESSAGE][PASSED] - Viewport is set to new size with width = 1920 and height = 1080

2022-07-05 16:26:32 - [TEST_STEP][PASSED] - navigateToUrl(url): Navigate to 'http://portal.ptk021.local' successfully

2022-07-05 16:26:33 - [MESSAGE][PASSED] - Navigate to 'http://portal.ptk021.local' successfully

2022-07-05 16:26:33 - [TEST_STEP][PASSED] - setText(findTestObject("Object Repository/Login/Page_Vigo Portal/input_Track IT_userName"), username): Text 'Interhaul' is set on object 'Object Repository/Login/Page_Vigo Portal/input_Track IT_userName'

2022-07-05 16:26:34 - [MESSAGE][PASSED] - Text 'Interhaul' is set on object 'Object Repository/Login/Page_Vigo Portal/input_Track IT_userName'

2022-07-05 16:26:34 - [TEST_STEP][PASSED] - setText(findTestObject("Object Repository/Login/Page_Vigo Portal/input_Track IT_userPass"), password): Text '021booking5' is set on object 'Object Repository/Login/Page_Vigo Portal/input_Track IT_userPass'

2022-07-05 16:26:34 - [MESSAGE][PASSED] - Text '021booking5' is set on object 'Object Repository/Login/Page_Vigo Portal/input_Track IT_userPass'

2022-07-05 16:26:34 - [TEST_STEP][PASSED] - click(findTestObject("Login/Page_Vigo Portal/input_Track IT_form__submit--fw")): Object: 'Object Repository/Login/Page_Vigo Portal/input_Track IT_form__submit--fw' is clicked on

2022-07-05 16:26:35 - [MESSAGE][PASSED] - Object: 'Object Repository/Login/Page_Vigo Portal/input_Track IT_form__submit--fw' is clicked on

2022-07-05 16:26:35 - [MESSAGE][PASSED] - Call Test Case 'Test Cases/Login/1.LoginUsingVariables' successfully

2022-07-05 16:26:35 - [TEST_STEP][PASSED] - delay(2): Delayed 2 second(s)

2022-07-05 16:26:37 - [MESSAGE][PASSED] - Delayed 2 second(s)

2022-07-05 16:26:37 - [TEST_STEP][PASSED] - navigateToUrl(MyClass.navigateToLocation(custUrl)): Navigate to 'http://portal.ptk021.local/?module=customer-config&custId=66222&shortCompany=4OCUSLTD' successfully

2022-07-05 16:26:37 - [MESSAGE][INFO] - path:?module=customer-config&custId=66222&shortCompany=4OCUSLTD

2022-07-05 16:26:37 - [MESSAGE][PASSED] - Current window's url is: 'http://portal.ptk021.local/'

2022-07-05 16:26:37 - [MESSAGE][INFO] - Url:http://portal.ptk021.local/

2022-07-05 16:26:37 - [MESSAGE][INFO] - proto:http:

2022-07-05 16:26:37 - [MESSAGE][INFO] - host:portal.ptk021.local

2022-07-05 16:26:37 - [MESSAGE][INFO] - fullpath:http://portal.ptk021.local/?module=customer-config&custId=66222&shortCompany=4OCUSLTD

2022-07-05 16:26:37 - [MESSAGE][PASSED] - MyClass.navigateToLocation is PASSED

2022-07-05 16:26:38 - [MESSAGE][PASSED] - Navigate to 'http://portal.ptk021.local/?module=customer-config&custId=66222&shortCompany=4OCUSLTD' successfully

2022-07-05 16:26:38 - [TEST_STEP][PASSED] - click(findTestObject("FieldVisibility/div_Field Visibility")): Object: 'Object Repository/FieldVisibility/div_Field Visibility' is clicked on

2022-07-05 16:26:41 - [MESSAGE][PASSED] - Object: 'Object Repository/FieldVisibility/div_Field Visibility' is clicked on

2022-07-05 16:26:41 - [TEST_STEP][PASSED] - if (visible == "true"): null

2022-07-05 16:26:41 - [TEST_STEP][PASSED] - else: Object 'Object Repository/FieldVisibility/deliverySMS' is NOT visible

2022-07-05 16:26:41 - [TEST_STEP][PASSED] - verifyElementNotVisible(findTestObject("FieldVisibility/deliveryEmail")): Object 'Object Repository/FieldVisibility/deliveryEmail' is NOT visible

2022-07-05 16:26:41 - [MESSAGE][PASSED] - Object 'Object Repository/FieldVisibility/deliveryEmail' is NOT visible

2022-07-05 16:26:41 - [TEST_STEP][PASSED] - verifyElementNotVisible(findTestObject("FieldVisibility/deliverySMS")): Object 'Object Repository/FieldVisibility/deliverySMS' is NOT visible

2022-07-05 16:26:42 - [MESSAGE][PASSED] - Object 'Object Repository/FieldVisibility/deliverySMS' is NOT visible

2022-07-05 16:26:42 - [TEST_STEP][PASSED] - closeBrowser(): Browser is closed

2022-07-05 16:26:43 - [MESSAGE][PASSED] - Browser is closed]]></system-out>
         <system-err><![CDATA[]]></system-err>
      </testcase>
      <testcase name="Test Cases/CustomerConfig/FieldVisibility" time="11.872" classname="Test Cases/CustomerConfig/FieldVisibility" status="PASSED">
         <system-out><![CDATA[2022-07-05 16:26:43 - [TEST_CASE][PASSED] - Test Cases/CustomerConfig/FieldVisibility: Test Cases/CustomerConfig/FieldVisibility

2022-07-05 16:26:43 - [TEST_STEP][PASSED] - url = MyClass.getGlobalVariableByName(dynamicUrl, url): MyClass.getGlobalVariableByName is PASSED

2022-07-05 16:26:43 - [MESSAGE][INFO] - name: http://portal.ptk021.local

2022-07-05 16:26:43 - [MESSAGE][PASSED] - MyClass.getGlobalVariableByName is PASSED

2022-07-05 16:26:43 - [TEST_STEP][PASSED] - callTestCase(findTestCase("Login/1.LoginUsingVariables"), ["url":url, "username":username, "password":password], STOP_ON_FAILURE): Call Test Case 'Test Cases/Login/1.LoginUsingVariables' successfully

2022-07-05 16:26:43 - [TEST_CASE][PASSED] - Test Cases/Login/1.LoginUsingVariables: Test Cases/Login/1.LoginUsingVariables

2022-07-05 16:26:43 - [TEST_STEP][PASSED] - openBrowser(""): Browser is opened with url: ''

2022-07-05 16:26:43 - [MESSAGE][INFO] - Starting 'Chrome' driver

2022-07-05 16:26:43 - [MESSAGE][INFO] - Action delay is set to 0 milliseconds

2022-07-05 16:26:44 - [MESSAGE][PASSED] - Browser is opened with url: ''

2022-07-05 16:26:44 - [TEST_STEP][PASSED] - setViewPortSize(1920, 1080): Viewport is set to new size with width = 1920 and height = 1080

2022-07-05 16:26:44 - [MESSAGE][PASSED] - Viewport is set to new size with width = 1920 and height = 1080

2022-07-05 16:26:44 - [TEST_STEP][PASSED] - navigateToUrl(url): Navigate to 'http://portal.ptk021.local' successfully

2022-07-05 16:26:45 - [MESSAGE][PASSED] - Navigate to 'http://portal.ptk021.local' successfully

2022-07-05 16:26:45 - [TEST_STEP][PASSED] - setText(findTestObject("Object Repository/Login/Page_Vigo Portal/input_Track IT_userName"), username): Text 'Interhaul' is set on object 'Object Repository/Login/Page_Vigo Portal/input_Track IT_userName'

2022-07-05 16:26:46 - [MESSAGE][PASSED] - Text 'Interhaul' is set on object 'Object Repository/Login/Page_Vigo Portal/input_Track IT_userName'

2022-07-05 16:26:46 - [TEST_STEP][PASSED] - setText(findTestObject("Object Repository/Login/Page_Vigo Portal/input_Track IT_userPass"), password): Text '021booking5' is set on object 'Object Repository/Login/Page_Vigo Portal/input_Track IT_userPass'

2022-07-05 16:26:46 - [MESSAGE][PASSED] - Text '021booking5' is set on object 'Object Repository/Login/Page_Vigo Portal/input_Track IT_userPass'

2022-07-05 16:26:46 - [TEST_STEP][PASSED] - click(findTestObject("Login/Page_Vigo Portal/input_Track IT_form__submit--fw")): Object: 'Object Repository/Login/Page_Vigo Portal/input_Track IT_form__submit--fw' is clicked on

2022-07-05 16:26:47 - [MESSAGE][PASSED] - Object: 'Object Repository/Login/Page_Vigo Portal/input_Track IT_form__submit--fw' is clicked on

2022-07-05 16:26:47 - [MESSAGE][PASSED] - Call Test Case 'Test Cases/Login/1.LoginUsingVariables' successfully

2022-07-05 16:26:47 - [TEST_STEP][PASSED] - delay(2): Delayed 2 second(s)

2022-07-05 16:26:49 - [MESSAGE][PASSED] - Delayed 2 second(s)

2022-07-05 16:26:49 - [TEST_STEP][PASSED] - navigateToUrl(MyClass.navigateToLocation(custUrl)): Navigate to 'http://portal.ptk021.local/?module=customer-config&custId=63286&shortCompany=ADELPHIC' successfully

2022-07-05 16:26:49 - [MESSAGE][INFO] - path:?module=customer-config&custId=63286&shortCompany=ADELPHIC

2022-07-05 16:26:50 - [MESSAGE][PASSED] - Current window's url is: 'http://portal.ptk021.local/'

2022-07-05 16:26:50 - [MESSAGE][INFO] - Url:http://portal.ptk021.local/

2022-07-05 16:26:50 - [MESSAGE][INFO] - proto:http:

2022-07-05 16:26:50 - [MESSAGE][INFO] - host:portal.ptk021.local

2022-07-05 16:26:50 - [MESSAGE][INFO] - fullpath:http://portal.ptk021.local/?module=customer-config&custId=63286&shortCompany=ADELPHIC

2022-07-05 16:26:50 - [MESSAGE][PASSED] - MyClass.navigateToLocation is PASSED

2022-07-05 16:26:50 - [MESSAGE][PASSED] - Navigate to 'http://portal.ptk021.local/?module=customer-config&custId=63286&shortCompany=ADELPHIC' successfully

2022-07-05 16:26:50 - [TEST_STEP][PASSED] - click(findTestObject("FieldVisibility/div_Field Visibility")): Object: 'Object Repository/FieldVisibility/div_Field Visibility' is clicked on

2022-07-05 16:26:53 - [MESSAGE][PASSED] - Object: 'Object Repository/FieldVisibility/div_Field Visibility' is clicked on

2022-07-05 16:26:53 - [TEST_STEP][PASSED] - if (visible == "true"): null

2022-07-05 16:26:53 - [TEST_STEP][PASSED] - else: Object 'Object Repository/FieldVisibility/deliverySMS' is NOT visible

2022-07-05 16:26:53 - [TEST_STEP][PASSED] - verifyElementNotVisible(findTestObject("FieldVisibility/deliveryEmail")): Object 'Object Repository/FieldVisibility/deliveryEmail' is NOT visible

2022-07-05 16:26:53 - [MESSAGE][PASSED] - Object 'Object Repository/FieldVisibility/deliveryEmail' is NOT visible

2022-07-05 16:26:53 - [TEST_STEP][PASSED] - verifyElementNotVisible(findTestObject("FieldVisibility/deliverySMS")): Object 'Object Repository/FieldVisibility/deliverySMS' is NOT visible

2022-07-05 16:26:54 - [MESSAGE][PASSED] - Object 'Object Repository/FieldVisibility/deliverySMS' is NOT visible

2022-07-05 16:26:54 - [TEST_STEP][PASSED] - closeBrowser(): Browser is closed

2022-07-05 16:26:55 - [MESSAGE][PASSED] - Browser is closed]]></system-out>
         <system-err><![CDATA[]]></system-err>
      </testcase>
      <testcase name="Test Cases/CustomerConfig/FieldVisibility" time="10.507" classname="Test Cases/CustomerConfig/FieldVisibility" status="FAILED">
         <failure type="FAILED" message="Test Cases/CustomerConfig/FieldVisibility FAILED.
Reason:
com.kms.katalon.core.exception.StepFailedException: Unable to verify object 'Object Repository/FieldVisibility/deliveryEmail' is NOT visible
	at com.kms.katalon.core.webui.keyword.internal.WebUIKeywordMain.stepFailed(WebUIKeywordMain.groovy:64)
	at com.kms.katalon.core.webui.keyword.internal.WebUIKeywordMain.runKeyword(WebUIKeywordMain.groovy:26)
	at com.kms.katalon.core.webui.keyword.builtin.VerifyElementNotVisibleKeyword.verifyElementNotVisible(VerifyElementNotVisibleKeyword.groovy:97)
	at com.kms.katalon.core.webui.keyword.builtin.VerifyElementNotVisibleKeyword.execute(VerifyElementNotVisibleKeyword.groovy:67)
	at com.kms.katalon.core.keyword.internal.KeywordExecutor.executeKeywordForPlatform(KeywordExecutor.groovy:74)
	at com.kms.katalon.core.webui.keyword.WebUiBuiltInKeywords.verifyElementNotVisible(WebUiBuiltInKeywords.groovy:405)
	at com.kms.katalon.core.webui.keyword.WebUiBuiltInKeywords$verifyElementNotVisible$5.call(Unknown Source)
	at FieldVisibility.run(FieldVisibility:38)
	at com.kms.katalon.core.main.ScriptEngine.run(ScriptEngine.java:194)
	at com.kms.katalon.core.main.ScriptEngine.runScriptAsRawText(ScriptEngine.java:119)
	at com.kms.katalon.core.main.TestCaseExecutor.runScript(TestCaseExecutor.java:445)
	at com.kms.katalon.core.main.TestCaseExecutor.doExecute(TestCaseExecutor.java:436)
	at com.kms.katalon.core.main.TestCaseExecutor.processExecutionPhase(TestCaseExecutor.java:415)
	at com.kms.katalon.core.main.TestCaseExecutor.accessMainPhase(TestCaseExecutor.java:407)
	at com.kms.katalon.core.main.TestCaseExecutor.execute(TestCaseExecutor.java:284)
	at com.kms.katalon.core.common.CommonExecutor.accessTestCaseMainPhase(CommonExecutor.java:65)
	at com.kms.katalon.core.main.TestSuiteExecutor.accessTestSuiteMainPhase(TestSuiteExecutor.java:144)
	at com.kms.katalon.core.main.TestSuiteExecutor.execute(TestSuiteExecutor.java:106)
	at com.kms.katalon.core.main.TestCaseMain.startTestSuite(TestCaseMain.java:185)
	at com.kms.katalon.core.main.TestCaseMain$startTestSuite$0.call(Unknown Source)
	at TempTestSuite1657034779774.run(TempTestSuite1657034779774.groovy:36)
Caused by: com.kms.katalon.core.exception.StepFailedException: Object 'Object Repository/FieldVisibility/deliveryEmail' is visible
	at com.kms.katalon.core.webui.keyword.internal.WebUIKeywordMain.stepFailed(WebUIKeywordMain.groovy:64)
	at com.kms.katalon.core.webui.keyword.builtin.VerifyElementNotVisibleKeyword$_verifyElementNotVisible_closure1.doCall(VerifyElementNotVisibleKeyword.groovy:83)
	at com.kms.katalon.core.webui.keyword.builtin.VerifyElementNotVisibleKeyword$_verifyElementNotVisible_closure1.call(VerifyElementNotVisibleKeyword.groovy)
	at com.kms.katalon.core.webui.keyword.internal.WebUIKeywordMain.runKeyword(WebUIKeywordMain.groovy:20)
	... 19 more
"/>
         <system-out><![CDATA[2022-07-05 16:26:55 - [TEST_CASE][FAILED] - Test Cases/CustomerConfig/FieldVisibility: Test Cases/CustomerConfig/FieldVisibility FAILED.
Reason:
com.kms.katalon.core.exception.StepFailedException: Unable to verify object 'Object Repository/FieldVisibility/deliveryEmail' is NOT visible
	at com.kms.katalon.core.webui.keyword.internal.WebUIKeywordMain.stepFailed(WebUIKeywordMain.groovy:64)
	at com.kms.katalon.core.webui.keyword.internal.WebUIKeywordMain.runKeyword(WebUIKeywordMain.groovy:26)
	at com.kms.katalon.core.webui.keyword.builtin.VerifyElementNotVisibleKeyword.verifyElementNotVisible(VerifyElementNotVisibleKeyword.groovy:97)
	at com.kms.katalon.core.webui.keyword.builtin.VerifyElementNotVisibleKeyword.execute(VerifyElementNotVisibleKeyword.groovy:67)
	at com.kms.katalon.core.keyword.internal.KeywordExecutor.executeKeywordForPlatform(KeywordExecutor.groovy:74)
	at com.kms.katalon.core.webui.keyword.WebUiBuiltInKeywords.verifyElementNotVisible(WebUiBuiltInKeywords.groovy:405)
	at com.kms.katalon.core.webui.keyword.WebUiBuiltInKeywords$verifyElementNotVisible$5.call(Unknown Source)
	at FieldVisibility.run(FieldVisibility:38)
	at com.kms.katalon.core.main.ScriptEngine.run(ScriptEngine.java:194)
	at com.kms.katalon.core.main.ScriptEngine.runScriptAsRawText(ScriptEngine.java:119)
	at com.kms.katalon.core.main.TestCaseExecutor.runScript(TestCaseExecutor.java:445)
	at com.kms.katalon.core.main.TestCaseExecutor.doExecute(TestCaseExecutor.java:436)
	at com.kms.katalon.core.main.TestCaseExecutor.processExecutionPhase(TestCaseExecutor.java:415)
	at com.kms.katalon.core.main.TestCaseExecutor.accessMainPhase(TestCaseExecutor.java:407)
	at com.kms.katalon.core.main.TestCaseExecutor.execute(TestCaseExecutor.java:284)
	at com.kms.katalon.core.common.CommonExecutor.accessTestCaseMainPhase(CommonExecutor.java:65)
	at com.kms.katalon.core.main.TestSuiteExecutor.accessTestSuiteMainPhase(TestSuiteExecutor.java:144)
	at com.kms.katalon.core.main.TestSuiteExecutor.execute(TestSuiteExecutor.java:106)
	at com.kms.katalon.core.main.TestCaseMain.startTestSuite(TestCaseMain.java:185)
	at com.kms.katalon.core.main.TestCaseMain$startTestSuite$0.call(Unknown Source)
	at TempTestSuite1657034779774.run(TempTestSuite1657034779774.groovy:36)
Caused by: com.kms.katalon.core.exception.StepFailedException: Object 'Object Repository/FieldVisibility/deliveryEmail' is visible
	at com.kms.katalon.core.webui.keyword.internal.WebUIKeywordMain.stepFailed(WebUIKeywordMain.groovy:64)
	at com.kms.katalon.core.webui.keyword.builtin.VerifyElementNotVisibleKeyword$_verifyElementNotVisible_closure1.doCall(VerifyElementNotVisibleKeyword.groovy:83)
	at com.kms.katalon.core.webui.keyword.builtin.VerifyElementNotVisibleKeyword$_verifyElementNotVisible_closure1.call(VerifyElementNotVisibleKeyword.groovy)
	at com.kms.katalon.core.webui.keyword.internal.WebUIKeywordMain.runKeyword(WebUIKeywordMain.groovy:20)
	... 19 more


2022-07-05 16:26:55 - [TEST_STEP][PASSED] - url = MyClass.getGlobalVariableByName(dynamicUrl, url): MyClass.getGlobalVariableByName is PASSED

2022-07-05 16:26:55 - [MESSAGE][INFO] - name: http://portal.vig999.local

2022-07-05 16:26:55 - [MESSAGE][PASSED] - MyClass.getGlobalVariableByName is PASSED

2022-07-05 16:26:55 - [TEST_STEP][PASSED] - callTestCase(findTestCase("Login/1.LoginUsingVariables"), ["url":url, "username":username, "password":password], STOP_ON_FAILURE): Call Test Case 'Test Cases/Login/1.LoginUsingVariables' successfully

2022-07-05 16:26:55 - [TEST_CASE][PASSED] - Test Cases/Login/1.LoginUsingVariables: Test Cases/Login/1.LoginUsingVariables

2022-07-05 16:26:55 - [TEST_STEP][PASSED] - openBrowser(""): Browser is opened with url: ''

2022-07-05 16:26:55 - [MESSAGE][INFO] - Starting 'Chrome' driver

2022-07-05 16:26:55 - [MESSAGE][INFO] - Action delay is set to 0 milliseconds

2022-07-05 16:26:56 - [MESSAGE][PASSED] - Browser is opened with url: ''

2022-07-05 16:26:56 - [TEST_STEP][PASSED] - setViewPortSize(1920, 1080): Viewport is set to new size with width = 1920 and height = 1080

2022-07-05 16:26:56 - [MESSAGE][PASSED] - Viewport is set to new size with width = 1920 and height = 1080

2022-07-05 16:26:56 - [TEST_STEP][PASSED] - navigateToUrl(url): Navigate to 'http://portal.vig999.local' successfully

2022-07-05 16:26:57 - [MESSAGE][PASSED] - Navigate to 'http://portal.vig999.local' successfully

2022-07-05 16:26:57 - [TEST_STEP][PASSED] - setText(findTestObject("Object Repository/Login/Page_Vigo Portal/input_Track IT_userName"), username): Text 'go2clientconnect' is set on object 'Object Repository/Login/Page_Vigo Portal/input_Track IT_userName'

2022-07-05 16:26:58 - [MESSAGE][PASSED] - Text 'go2clientconnect' is set on object 'Object Repository/Login/Page_Vigo Portal/input_Track IT_userName'

2022-07-05 16:26:58 - [TEST_STEP][PASSED] - setText(findTestObject("Object Repository/Login/Page_Vigo Portal/input_Track IT_userPass"), password): Text 'v1g0' is set on object 'Object Repository/Login/Page_Vigo Portal/input_Track IT_userPass'

2022-07-05 16:26:58 - [MESSAGE][PASSED] - Text 'v1g0' is set on object 'Object Repository/Login/Page_Vigo Portal/input_Track IT_userPass'

2022-07-05 16:26:58 - [TEST_STEP][PASSED] - click(findTestObject("Login/Page_Vigo Portal/input_Track IT_form__submit--fw")): Object: 'Object Repository/Login/Page_Vigo Portal/input_Track IT_form__submit--fw' is clicked on

2022-07-05 16:26:59 - [MESSAGE][PASSED] - Object: 'Object Repository/Login/Page_Vigo Portal/input_Track IT_form__submit--fw' is clicked on

2022-07-05 16:26:59 - [MESSAGE][PASSED] - Call Test Case 'Test Cases/Login/1.LoginUsingVariables' successfully

2022-07-05 16:26:59 - [TEST_STEP][PASSED] - delay(2): Delayed 2 second(s)

2022-07-05 16:27:01 - [MESSAGE][PASSED] - Delayed 2 second(s)

2022-07-05 16:27:01 - [TEST_STEP][PASSED] - navigateToUrl(MyClass.navigateToLocation(custUrl)): Navigate to 'http://portal.vig999.local/?module=customer-config&custId=66354&shortCompany=BOX001' successfully

2022-07-05 16:27:01 - [MESSAGE][INFO] - path:?module=customer-config&custId=66354&shortCompany=BOX001

2022-07-05 16:27:01 - [MESSAGE][PASSED] - Current window's url is: 'http://portal.vig999.local/'

2022-07-05 16:27:01 - [MESSAGE][INFO] - Url:http://portal.vig999.local/

2022-07-05 16:27:01 - [MESSAGE][INFO] - proto:http:

2022-07-05 16:27:01 - [MESSAGE][INFO] - host:portal.vig999.local

2022-07-05 16:27:01 - [MESSAGE][INFO] - fullpath:http://portal.vig999.local/?module=customer-config&custId=66354&shortCompany=BOX001

2022-07-05 16:27:01 - [MESSAGE][PASSED] - MyClass.navigateToLocation is PASSED

2022-07-05 16:27:02 - [MESSAGE][PASSED] - Navigate to 'http://portal.vig999.local/?module=customer-config&custId=66354&shortCompany=BOX001' successfully

2022-07-05 16:27:02 - [TEST_STEP][PASSED] - click(findTestObject("FieldVisibility/div_Field Visibility")): Object: 'Object Repository/FieldVisibility/div_Field Visibility' is clicked on

2022-07-05 16:27:04 - [MESSAGE][PASSED] - Object: 'Object Repository/FieldVisibility/div_Field Visibility' is clicked on

2022-07-05 16:27:04 - [TEST_STEP][PASSED] - if (visible == "true"): null

2022-07-05 16:27:04 - [TEST_STEP][FAILED] - else: Unable to verify object 'Object Repository/FieldVisibility/deliveryEmail' is NOT visible (Root cause: com.kms.katalon.core.exception.StepFailedException: Unable to verify object 'Object Repository/FieldVisibility/deliveryEmail' is NOT visible
	at com.kms.katalon.core.webui.keyword.internal.WebUIKeywordMain.stepFailed(WebUIKeywordMain.groovy:64)
	at com.kms.katalon.core.webui.keyword.internal.WebUIKeywordMain.runKeyword(WebUIKeywordMain.groovy:26)
	at com.kms.katalon.core.webui.keyword.builtin.VerifyElementNotVisibleKeyword.verifyElementNotVisible(VerifyElementNotVisibleKeyword.groovy:97)
	at com.kms.katalon.core.webui.keyword.builtin.VerifyElementNotVisibleKeyword.execute(VerifyElementNotVisibleKeyword.groovy:67)
	at com.kms.katalon.core.keyword.internal.KeywordExecutor.executeKeywordForPlatform(KeywordExecutor.groovy:74)
	at com.kms.katalon.core.webui.keyword.WebUiBuiltInKeywords.verifyElementNotVisible(WebUiBuiltInKeywords.groovy:405)
	at com.kms.katalon.core.webui.keyword.WebUiBuiltInKeywords$verifyElementNotVisible$5.call(Unknown Source)
	at FieldVisibility.run(FieldVisibility:38)
	at com.kms.katalon.core.main.ScriptEngine.run(ScriptEngine.java:194)
	at com.kms.katalon.core.main.ScriptEngine.runScriptAsRawText(ScriptEngine.java:119)
	at com.kms.katalon.core.main.TestCaseExecutor.runScript(TestCaseExecutor.java:445)
	at com.kms.katalon.core.main.TestCaseExecutor.doExecute(TestCaseExecutor.java:436)
	at com.kms.katalon.core.main.TestCaseExecutor.processExecutionPhase(TestCaseExecutor.java:415)
	at com.kms.katalon.core.main.TestCaseExecutor.accessMainPhase(TestCaseExecutor.java:407)
	at com.kms.katalon.core.main.TestCaseExecutor.execute(TestCaseExecutor.java:284)
	at com.kms.katalon.core.common.CommonExecutor.accessTestCaseMainPhase(CommonExecutor.java:65)
	at com.kms.katalon.core.main.TestSuiteExecutor.accessTestSuiteMainPhase(TestSuiteExecutor.java:144)
	at com.kms.katalon.core.main.TestSuiteExecutor.execute(TestSuiteExecutor.java:106)
	at com.kms.katalon.core.main.TestCaseMain.startTestSuite(TestCaseMain.java:185)
	at com.kms.katalon.core.main.TestCaseMain$startTestSuite$0.call(Unknown Source)
	at TempTestSuite1657034779774.run(TempTestSuite1657034779774.groovy:36)
Caused by: com.kms.katalon.core.exception.StepFailedException: Object 'Object Repository/FieldVisibility/deliveryEmail' is visible
	at com.kms.katalon.core.webui.keyword.internal.WebUIKeywordMain.stepFailed(WebUIKeywordMain.groovy:64)
	at com.kms.katalon.core.webui.keyword.builtin.VerifyElementNotVisibleKeyword$_verifyElementNotVisible_closure1.doCall(VerifyElementNotVisibleKeyword.groovy:83)
	at com.kms.katalon.core.webui.keyword.builtin.VerifyElementNotVisibleKeyword$_verifyElementNotVisible_closure1.call(VerifyElementNotVisibleKeyword.groovy)
	at com.kms.katalon.core.webui.keyword.internal.WebUIKeywordMain.runKeyword(WebUIKeywordMain.groovy:20)
	... 19 more
)

2022-07-05 16:27:04 - [TEST_STEP][FAILED] - verifyElementNotVisible(findTestObject("FieldVisibility/deliveryEmail")): Unable to verify object 'Object Repository/FieldVisibility/deliveryEmail' is NOT visible (Root cause: com.kms.katalon.core.exception.StepFailedException: Unable to verify object 'Object Repository/FieldVisibility/deliveryEmail' is NOT visible
	at com.kms.katalon.core.webui.keyword.internal.WebUIKeywordMain.stepFailed(WebUIKeywordMain.groovy:64)
	at com.kms.katalon.core.webui.keyword.internal.WebUIKeywordMain.runKeyword(WebUIKeywordMain.groovy:26)
	at com.kms.katalon.core.webui.keyword.builtin.VerifyElementNotVisibleKeyword.verifyElementNotVisible(VerifyElementNotVisibleKeyword.groovy:97)
	at com.kms.katalon.core.webui.keyword.builtin.VerifyElementNotVisibleKeyword.execute(VerifyElementNotVisibleKeyword.groovy:67)
	at com.kms.katalon.core.keyword.internal.KeywordExecutor.executeKeywordForPlatform(KeywordExecutor.groovy:74)
	at com.kms.katalon.core.webui.keyword.WebUiBuiltInKeywords.verifyElementNotVisible(WebUiBuiltInKeywords.groovy:405)
	at com.kms.katalon.core.webui.keyword.WebUiBuiltInKeywords$verifyElementNotVisible$5.call(Unknown Source)
	at FieldVisibility.run(FieldVisibility:38)
	at com.kms.katalon.core.main.ScriptEngine.run(ScriptEngine.java:194)
	at com.kms.katalon.core.main.ScriptEngine.runScriptAsRawText(ScriptEngine.java:119)
	at com.kms.katalon.core.main.TestCaseExecutor.runScript(TestCaseExecutor.java:445)
	at com.kms.katalon.core.main.TestCaseExecutor.doExecute(TestCaseExecutor.java:436)
	at com.kms.katalon.core.main.TestCaseExecutor.processExecutionPhase(TestCaseExecutor.java:415)
	at com.kms.katalon.core.main.TestCaseExecutor.accessMainPhase(TestCaseExecutor.java:407)
	at com.kms.katalon.core.main.TestCaseExecutor.execute(TestCaseExecutor.java:284)
	at com.kms.katalon.core.common.CommonExecutor.accessTestCaseMainPhase(CommonExecutor.java:65)
	at com.kms.katalon.core.main.TestSuiteExecutor.accessTestSuiteMainPhase(TestSuiteExecutor.java:144)
	at com.kms.katalon.core.main.TestSuiteExecutor.execute(TestSuiteExecutor.java:106)
	at com.kms.katalon.core.main.TestCaseMain.startTestSuite(TestCaseMain.java:185)
	at com.kms.katalon.core.main.TestCaseMain$startTestSuite$0.call(Unknown Source)
	at TempTestSuite1657034779774.run(TempTestSuite1657034779774.groovy:36)
Caused by: com.kms.katalon.core.exception.StepFailedException: Object 'Object Repository/FieldVisibility/deliveryEmail' is visible
	at com.kms.katalon.core.webui.keyword.internal.WebUIKeywordMain.stepFailed(WebUIKeywordMain.groovy:64)
	at com.kms.katalon.core.webui.keyword.builtin.VerifyElementNotVisibleKeyword$_verifyElementNotVisible_closure1.doCall(VerifyElementNotVisibleKeyword.groovy:83)
	at com.kms.katalon.core.webui.keyword.builtin.VerifyElementNotVisibleKeyword$_verifyElementNotVisible_closure1.call(VerifyElementNotVisibleKeyword.groovy)
	at com.kms.katalon.core.webui.keyword.internal.WebUIKeywordMain.runKeyword(WebUIKeywordMain.groovy:20)
	... 19 more
)

2022-07-05 16:27:05 - [MESSAGE][FAILED] - Object 'Object Repository/FieldVisibility/deliveryEmail' is visible (Root cause: com.kms.katalon.core.exception.StepFailedException: Object 'Object Repository/FieldVisibility/deliveryEmail' is visible
	at com.kms.katalon.core.webui.keyword.internal.WebUIKeywordMain.stepFailed(WebUIKeywordMain.groovy:64)
	at com.kms.katalon.core.webui.keyword.builtin.VerifyElementNotVisibleKeyword$_verifyElementNotVisible_closure1.doCall(VerifyElementNotVisibleKeyword.groovy:83)
	at com.kms.katalon.core.webui.keyword.builtin.VerifyElementNotVisibleKeyword$_verifyElementNotVisible_closure1.call(VerifyElementNotVisibleKeyword.groovy)
	at com.kms.katalon.core.webui.keyword.internal.WebUIKeywordMain.runKeyword(WebUIKeywordMain.groovy:20)
	at com.kms.katalon.core.webui.keyword.builtin.VerifyElementNotVisibleKeyword.verifyElementNotVisible(VerifyElementNotVisibleKeyword.groovy:97)
	at com.kms.katalon.core.webui.keyword.builtin.VerifyElementNotVisibleKeyword.execute(VerifyElementNotVisibleKeyword.groovy:67)
	at com.kms.katalon.core.keyword.internal.KeywordExecutor.executeKeywordForPlatform(KeywordExecutor.groovy:74)
	at com.kms.katalon.core.webui.keyword.WebUiBuiltInKeywords.verifyElementNotVisible(WebUiBuiltInKeywords.groovy:405)
	at com.kms.katalon.core.webui.keyword.WebUiBuiltInKeywords$verifyElementNotVisible$5.call(Unknown Source)
	at FieldVisibility.run(FieldVisibility:38)
	at com.kms.katalon.core.main.ScriptEngine.run(ScriptEngine.java:194)
	at com.kms.katalon.core.main.ScriptEngine.runScriptAsRawText(ScriptEngine.java:119)
	at com.kms.katalon.core.main.TestCaseExecutor.runScript(TestCaseExecutor.java:445)
	at com.kms.katalon.core.main.TestCaseExecutor.doExecute(TestCaseExecutor.java:436)
	at com.kms.katalon.core.main.TestCaseExecutor.processExecutionPhase(TestCaseExecutor.java:415)
	at com.kms.katalon.core.main.TestCaseExecutor.accessMainPhase(TestCaseExecutor.java:407)
	at com.kms.katalon.core.main.TestCaseExecutor.execute(TestCaseExecutor.java:284)
	at com.kms.katalon.core.common.CommonExecutor.accessTestCaseMainPhase(CommonExecutor.java:65)
	at com.kms.katalon.core.main.TestSuiteExecutor.accessTestSuiteMainPhase(TestSuiteExecutor.java:144)
	at com.kms.katalon.core.main.TestSuiteExecutor.execute(TestSuiteExecutor.java:106)
	at com.kms.katalon.core.main.TestCaseMain.startTestSuite(TestCaseMain.java:185)
	at com.kms.katalon.core.main.TestCaseMain$startTestSuite$0.call(Unknown Source)
	at TempTestSuite1657034779774.run(TempTestSuite1657034779774.groovy:36)
)
[[ATTACHMENT|C:\\dev\\Katalon\\KatalonRepo\\Reports\\20220705_162619\\CustomerConfig\\FieldVisibilityDDT\\20220705_162619\\1657034825341.png]]

2022-07-05 16:27:05 - [MESSAGE][FAILED] - Unable to verify object 'Object Repository/FieldVisibility/deliveryEmail' is NOT visible (Root cause: com.kms.katalon.core.exception.StepFailedException: Unable to verify object 'Object Repository/FieldVisibility/deliveryEmail' is NOT visible
	at com.kms.katalon.core.webui.keyword.internal.WebUIKeywordMain.stepFailed(WebUIKeywordMain.groovy:64)
	at com.kms.katalon.core.webui.keyword.internal.WebUIKeywordMain.runKeyword(WebUIKeywordMain.groovy:26)
	at com.kms.katalon.core.webui.keyword.builtin.VerifyElementNotVisibleKeyword.verifyElementNotVisible(VerifyElementNotVisibleKeyword.groovy:97)
	at com.kms.katalon.core.webui.keyword.builtin.VerifyElementNotVisibleKeyword.execute(VerifyElementNotVisibleKeyword.groovy:67)
	at com.kms.katalon.core.keyword.internal.KeywordExecutor.executeKeywordForPlatform(KeywordExecutor.groovy:74)
	at com.kms.katalon.core.webui.keyword.WebUiBuiltInKeywords.verifyElementNotVisible(WebUiBuiltInKeywords.groovy:405)
	at com.kms.katalon.core.webui.keyword.WebUiBuiltInKeywords$verifyElementNotVisible$5.call(Unknown Source)
	at FieldVisibility.run(FieldVisibility:38)
	at com.kms.katalon.core.main.ScriptEngine.run(ScriptEngine.java:194)
	at com.kms.katalon.core.main.ScriptEngine.runScriptAsRawText(ScriptEngine.java:119)
	at com.kms.katalon.core.main.TestCaseExecutor.runScript(TestCaseExecutor.java:445)
	at com.kms.katalon.core.main.TestCaseExecutor.doExecute(TestCaseExecutor.java:436)
	at com.kms.katalon.core.main.TestCaseExecutor.processExecutionPhase(TestCaseExecutor.java:415)
	at com.kms.katalon.core.main.TestCaseExecutor.accessMainPhase(TestCaseExecutor.java:407)
	at com.kms.katalon.core.main.TestCaseExecutor.execute(TestCaseExecutor.java:284)
	at com.kms.katalon.core.common.CommonExecutor.accessTestCaseMainPhase(CommonExecutor.java:65)
	at com.kms.katalon.core.main.TestSuiteExecutor.accessTestSuiteMainPhase(TestSuiteExecutor.java:144)
	at com.kms.katalon.core.main.TestSuiteExecutor.execute(TestSuiteExecutor.java:106)
	at com.kms.katalon.core.main.TestCaseMain.startTestSuite(TestCaseMain.java:185)
	at com.kms.katalon.core.main.TestCaseMain$startTestSuite$0.call(Unknown Source)
	at TempTestSuite1657034779774.run(TempTestSuite1657034779774.groovy:36)
Caused by: com.kms.katalon.core.exception.StepFailedException: Object 'Object Repository/FieldVisibility/deliveryEmail' is visible
	at com.kms.katalon.core.webui.keyword.internal.WebUIKeywordMain.stepFailed(WebUIKeywordMain.groovy:64)
	at com.kms.katalon.core.webui.keyword.builtin.VerifyElementNotVisibleKeyword$_verifyElementNotVisible_closure1.doCall(VerifyElementNotVisibleKeyword.groovy:83)
	at com.kms.katalon.core.webui.keyword.builtin.VerifyElementNotVisibleKeyword$_verifyElementNotVisible_closure1.call(VerifyElementNotVisibleKeyword.groovy)
	at com.kms.katalon.core.webui.keyword.internal.WebUIKeywordMain.runKeyword(WebUIKeywordMain.groovy:20)
	... 19 more
)
[[ATTACHMENT|C:\\dev\\Katalon\\KatalonRepo\\Reports\\20220705_162619\\CustomerConfig\\FieldVisibilityDDT\\20220705_162619\\1657034825513.png]]]]></system-out>
         <system-err><![CDATA[2022-07-05 16:26:55 - [TEST_CASE][FAILED] - Test Cases/CustomerConfig/FieldVisibility: Test Cases/CustomerConfig/FieldVisibility FAILED.
Reason:
com.kms.katalon.core.exception.StepFailedException: Unable to verify object 'Object Repository/FieldVisibility/deliveryEmail' is NOT visible
	at com.kms.katalon.core.webui.keyword.internal.WebUIKeywordMain.stepFailed(WebUIKeywordMain.groovy:64)
	at com.kms.katalon.core.webui.keyword.internal.WebUIKeywordMain.runKeyword(WebUIKeywordMain.groovy:26)
	at com.kms.katalon.core.webui.keyword.builtin.VerifyElementNotVisibleKeyword.verifyElementNotVisible(VerifyElementNotVisibleKeyword.groovy:97)
	at com.kms.katalon.core.webui.keyword.builtin.VerifyElementNotVisibleKeyword.execute(VerifyElementNotVisibleKeyword.groovy:67)
	at com.kms.katalon.core.keyword.internal.KeywordExecutor.executeKeywordForPlatform(KeywordExecutor.groovy:74)
	at com.kms.katalon.core.webui.keyword.WebUiBuiltInKeywords.verifyElementNotVisible(WebUiBuiltInKeywords.groovy:405)
	at com.kms.katalon.core.webui.keyword.WebUiBuiltInKeywords$verifyElementNotVisible$5.call(Unknown Source)
	at FieldVisibility.run(FieldVisibility:38)
	at com.kms.katalon.core.main.ScriptEngine.run(ScriptEngine.java:194)
	at com.kms.katalon.core.main.ScriptEngine.runScriptAsRawText(ScriptEngine.java:119)
	at com.kms.katalon.core.main.TestCaseExecutor.runScript(TestCaseExecutor.java:445)
	at com.kms.katalon.core.main.TestCaseExecutor.doExecute(TestCaseExecutor.java:436)
	at com.kms.katalon.core.main.TestCaseExecutor.processExecutionPhase(TestCaseExecutor.java:415)
	at com.kms.katalon.core.main.TestCaseExecutor.accessMainPhase(TestCaseExecutor.java:407)
	at com.kms.katalon.core.main.TestCaseExecutor.execute(TestCaseExecutor.java:284)
	at com.kms.katalon.core.common.CommonExecutor.accessTestCaseMainPhase(CommonExecutor.java:65)
	at com.kms.katalon.core.main.TestSuiteExecutor.accessTestSuiteMainPhase(TestSuiteExecutor.java:144)
	at com.kms.katalon.core.main.TestSuiteExecutor.execute(TestSuiteExecutor.java:106)
	at com.kms.katalon.core.main.TestCaseMain.startTestSuite(TestCaseMain.java:185)
	at com.kms.katalon.core.main.TestCaseMain$startTestSuite$0.call(Unknown Source)
	at TempTestSuite1657034779774.run(TempTestSuite1657034779774.groovy:36)
Caused by: com.kms.katalon.core.exception.StepFailedException: Object 'Object Repository/FieldVisibility/deliveryEmail' is visible
	at com.kms.katalon.core.webui.keyword.internal.WebUIKeywordMain.stepFailed(WebUIKeywordMain.groovy:64)
	at com.kms.katalon.core.webui.keyword.builtin.VerifyElementNotVisibleKeyword$_verifyElementNotVisible_closure1.doCall(VerifyElementNotVisibleKeyword.groovy:83)
	at com.kms.katalon.core.webui.keyword.builtin.VerifyElementNotVisibleKeyword$_verifyElementNotVisible_closure1.call(VerifyElementNotVisibleKeyword.groovy)
	at com.kms.katalon.core.webui.keyword.internal.WebUIKeywordMain.runKeyword(WebUIKeywordMain.groovy:20)
	... 19 more]]></system-err>
      </testcase>
      <system-out><![CDATA[2022-07-05 16:26:27 - [TEST_SUITE][FAILED] - FieldVisibilityDDT: Test Cases/CustomerConfig/FieldVisibility FAILED.
Reason:
com.kms.katalon.core.exception.StepFailedException: Unable to verify object 'Object Repository/FieldVisibility/deliveryEmail' is NOT visible
	at com.kms.katalon.core.webui.keyword.internal.WebUIKeywordMain.stepFailed(WebUIKeywordMain.groovy:64)
	at com.kms.katalon.core.webui.keyword.internal.WebUIKeywordMain.runKeyword(WebUIKeywordMain.groovy:26)
	at com.kms.katalon.core.webui.keyword.builtin.VerifyElementNotVisibleKeyword.verifyElementNotVisible(VerifyElementNotVisibleKeyword.groovy:97)
	at com.kms.katalon.core.webui.keyword.builtin.VerifyElementNotVisibleKeyword.execute(VerifyElementNotVisibleKeyword.groovy:67)
	at com.kms.katalon.core.keyword.internal.KeywordExecutor.executeKeywordForPlatform(KeywordExecutor.groovy:74)
	at com.kms.katalon.core.webui.keyword.WebUiBuiltInKeywords.verifyElementNotVisible(WebUiBuiltInKeywords.groovy:405)
	at com.kms.katalon.core.webui.keyword.WebUiBuiltInKeywords$verifyElementNotVisible$5.call(Unknown Source)
	at FieldVisibility.run(FieldVisibility:38)
	at com.kms.katalon.core.main.ScriptEngine.run(ScriptEngine.java:194)
	at com.kms.katalon.core.main.ScriptEngine.runScriptAsRawText(ScriptEngine.java:119)
	at com.kms.katalon.core.main.TestCaseExecutor.runScript(TestCaseExecutor.java:445)
	at com.kms.katalon.core.main.TestCaseExecutor.doExecute(TestCaseExecutor.java:436)
	at com.kms.katalon.core.main.TestCaseExecutor.processExecutionPhase(TestCaseExecutor.java:415)
	at com.kms.katalon.core.main.TestCaseExecutor.accessMainPhase(TestCaseExecutor.java:407)
	at com.kms.katalon.core.main.TestCaseExecutor.execute(TestCaseExecutor.java:284)
	at com.kms.katalon.core.common.CommonExecutor.accessTestCaseMainPhase(CommonExecutor.java:65)
	at com.kms.katalon.core.main.TestSuiteExecutor.accessTestSuiteMainPhase(TestSuiteExecutor.java:144)
	at com.kms.katalon.core.main.TestSuiteExecutor.execute(TestSuiteExecutor.java:106)
	at com.kms.katalon.core.main.TestCaseMain.startTestSuite(TestCaseMain.java:185)
	at com.kms.katalon.core.main.TestCaseMain$startTestSuite$0.call(Unknown Source)
	at TempTestSuite1657034779774.run(TempTestSuite1657034779774.groovy:36)
Caused by: com.kms.katalon.core.exception.StepFailedException: Object 'Object Repository/FieldVisibility/deliveryEmail' is visible
	at com.kms.katalon.core.webui.keyword.internal.WebUIKeywordMain.stepFailed(WebUIKeywordMain.groovy:64)
	at com.kms.katalon.core.webui.keyword.builtin.VerifyElementNotVisibleKeyword$_verifyElementNotVisible_closure1.doCall(VerifyElementNotVisibleKeyword.groovy:83)
	at com.kms.katalon.core.webui.keyword.builtin.VerifyElementNotVisibleKeyword$_verifyElementNotVisible_closure1.call(VerifyElementNotVisibleKeyword.groovy)
	at com.kms.katalon.core.webui.keyword.internal.WebUIKeywordMain.runKeyword(WebUIKeywordMain.groovy:20)
	... 19 more]]></system-out>
      <system-err><![CDATA[2022-07-05 16:26:27 - [TEST_SUITE][FAILED] - FieldVisibilityDDT: Test Cases/CustomerConfig/FieldVisibility FAILED.
Reason:
com.kms.katalon.core.exception.StepFailedException: Unable to verify object 'Object Repository/FieldVisibility/deliveryEmail' is NOT visible
	at com.kms.katalon.core.webui.keyword.internal.WebUIKeywordMain.stepFailed(WebUIKeywordMain.groovy:64)
	at com.kms.katalon.core.webui.keyword.internal.WebUIKeywordMain.runKeyword(WebUIKeywordMain.groovy:26)
	at com.kms.katalon.core.webui.keyword.builtin.VerifyElementNotVisibleKeyword.verifyElementNotVisible(VerifyElementNotVisibleKeyword.groovy:97)
	at com.kms.katalon.core.webui.keyword.builtin.VerifyElementNotVisibleKeyword.execute(VerifyElementNotVisibleKeyword.groovy:67)
	at com.kms.katalon.core.keyword.internal.KeywordExecutor.executeKeywordForPlatform(KeywordExecutor.groovy:74)
	at com.kms.katalon.core.webui.keyword.WebUiBuiltInKeywords.verifyElementNotVisible(WebUiBuiltInKeywords.groovy:405)
	at com.kms.katalon.core.webui.keyword.WebUiBuiltInKeywords$verifyElementNotVisible$5.call(Unknown Source)
	at FieldVisibility.run(FieldVisibility:38)
	at com.kms.katalon.core.main.ScriptEngine.run(ScriptEngine.java:194)
	at com.kms.katalon.core.main.ScriptEngine.runScriptAsRawText(ScriptEngine.java:119)
	at com.kms.katalon.core.main.TestCaseExecutor.runScript(TestCaseExecutor.java:445)
	at com.kms.katalon.core.main.TestCaseExecutor.doExecute(TestCaseExecutor.java:436)
	at com.kms.katalon.core.main.TestCaseExecutor.processExecutionPhase(TestCaseExecutor.java:415)
	at com.kms.katalon.core.main.TestCaseExecutor.accessMainPhase(TestCaseExecutor.java:407)
	at com.kms.katalon.core.main.TestCaseExecutor.execute(TestCaseExecutor.java:284)
	at com.kms.katalon.core.common.CommonExecutor.accessTestCaseMainPhase(CommonExecutor.java:65)
	at com.kms.katalon.core.main.TestSuiteExecutor.accessTestSuiteMainPhase(TestSuiteExecutor.java:144)
	at com.kms.katalon.core.main.TestSuiteExecutor.execute(TestSuiteExecutor.java:106)
	at com.kms.katalon.core.main.TestCaseMain.startTestSuite(TestCaseMain.java:185)
	at com.kms.katalon.core.main.TestCaseMain$startTestSuite$0.call(Unknown Source)
	at TempTestSuite1657034779774.run(TempTestSuite1657034779774.groovy:36)
Caused by: com.kms.katalon.core.exception.StepFailedException: Object 'Object Repository/FieldVisibility/deliveryEmail' is visible
	at com.kms.katalon.core.webui.keyword.internal.WebUIKeywordMain.stepFailed(WebUIKeywordMain.groovy:64)
	at com.kms.katalon.core.webui.keyword.builtin.VerifyElementNotVisibleKeyword$_verifyElementNotVisible_closure1.doCall(VerifyElementNotVisibleKeyword.groovy:83)
	at com.kms.katalon.core.webui.keyword.builtin.VerifyElementNotVisibleKeyword$_verifyElementNotVisible_closure1.call(VerifyElementNotVisibleKeyword.groovy)
	at com.kms.katalon.core.webui.keyword.internal.WebUIKeywordMain.runKeyword(WebUIKeywordMain.groovy:20)
	... 19 more]]></system-err>
   </testsuite>
</testsuites>
